Determining if the pthread_create exist failed with the following output:
Change Dir: /home/jetbot/Eye-for-Blind/mode1/build/CMakeFiles/CMakeTmp

Run Build Command:"/usr/bin/make" "cmTC_a21fb/fast"
/usr/bin/make -f CMakeFiles/cmTC_a21fb.dir/build.make CMakeFiles/cmTC_a21fb.dir/build
make[1]: Entering directory '/home/jetbot/Eye-for-Blind/mode1/build/CMakeFiles/CMakeTmp'
Building C object CMakeFiles/cmTC_a21fb.dir/CheckSymbolExists.c.o
/usr/bin/cc   -fPIC    -o CMakeFiles/cmTC_a21fb.dir/CheckSymbolExists.c.o   -c /home/jetbot/Eye-for-Blind/mode1/build/CMakeFiles/CMakeTmp/CheckSymbolExists.c
Linking C executable cmTC_a21fb
/usr/bin/cmake -E cmake_link_script CMakeFiles/cmTC_a21fb.dir/link.txt --verbose=1
/usr/bin/cc -fPIC     -rdynamic CMakeFiles/cmTC_a21fb.dir/CheckSymbolExists.c.o  -o cmTC_a21fb 
CMakeFiles/cmTC_a21fb.dir/CheckSymbolExists.c.o: In function `main':
CheckSymbolExists.c:(.text+0x14): undefined reference to `pthread_create'
CheckSymbolExists.c:(.text+0x18): undefined reference to `pthread_create'
collect2: error: ld returned 1 exit status
CMakeFiles/cmTC_a21fb.dir/build.make:97: recipe for target 'cmTC_a21fb' failed
make[1]: *** [cmTC_a21fb] Error 1
make[1]: Leaving directory '/home/jetbot/Eye-for-Blind/mode1/build/CMakeFiles/CMakeTmp'
Makefile:126: recipe for target 'cmTC_a21fb/fast' failed
make: *** [cmTC_a21fb/fast] Error 2

File /home/jetbot/Eye-for-Blind/mode1/build/CMakeFiles/CMakeTmp/CheckSymbolExists.c:
/* */
#include <pthread.h>

int main(int argc, char** argv)
{
  (void)argv;
#ifndef pthread_create
  return ((int*)(&pthread_create))[argc];
#else
  (void)argc;
  return 0;
#endif
}

Determining if the function pthread_create exists in the pthreads failed with the following output:
Change Dir: /home/jetbot/Eye-for-Blind/mode1/build/CMakeFiles/CMakeTmp

Run Build Command:"/usr/bin/make" "cmTC_91ef8/fast"
/usr/bin/make -f CMakeFiles/cmTC_91ef8.dir/build.make CMakeFiles/cmTC_91ef8.dir/build
make[1]: Entering directory '/home/jetbot/Eye-for-Blind/mode1/build/CMakeFiles/CMakeTmp'
Building C object CMakeFiles/cmTC_91ef8.dir/CheckFunctionExists.c.o
/usr/bin/cc   -fPIC -DCHECK_FUNCTION_EXISTS=pthread_create   -o CMakeFiles/cmTC_91ef8.dir/CheckFunctionExists.c.o   -c /usr/share/cmake-3.10/Modules/CheckFunctionExists.c
Linking C executable cmTC_91ef8
/usr/bin/cmake -E cmake_link_script CMakeFiles/cmTC_91ef8.dir/link.txt --verbose=1
/usr/bin/cc -fPIC -DCHECK_FUNCTION_EXISTS=pthread_create    -rdynamic CMakeFiles/cmTC_91ef8.dir/CheckFunctionExists.c.o  -o cmTC_91ef8 -lpthreads 
/usr/bin/ld: cannot find -lpthreads
collect2: error: ld returned 1 exit status
CMakeFiles/cmTC_91ef8.dir/build.make:97: recipe for target 'cmTC_91ef8' failed
make[1]: *** [cmTC_91ef8] Error 1
make[1]: Leaving directory '/home/jetbot/Eye-for-Blind/mode1/build/CMakeFiles/CMakeTmp'
Makefile:126: recipe for target 'cmTC_91ef8/fast' failed
make: *** [cmTC_91ef8/fast] Error 2


